[    0.000000] Initializing cgroup subsys cpuset
[    0.000000] Initializing cgroup subsys cpu
[    0.000000] Initializing cgroup subsys cpuacct
[    0.000000] Linux version 4.4.0-173-generic (buildd@lgw01-amd64-037) (gcc version 5.4.0 20160609 (Ubuntu 5.4.0-6ubuntu1~16.04.12) ) #203-Ubuntu SMP Wed Jan 15 02:55:01 UTC 2020 (Ubuntu 4.4.0-173.203-generic 4.4.208)
[    0.000000] Command line: BOOT_IMAGE=/boot/vmlinuz-4.4.0-173-generic root=LABEL=cloudimg-rootfs ro console=tty1 console=ttyS0
[    0.000000] KERNEL supported cpus:
[    0.000000]   Intel GenuineIntel
[    0.000000]   AMD AuthenticAMD
[    0.000000]   Centaur CentaurHauls
[    0.000000] x86/fpu: xstate_offset[2]:  576, xstate_sizes[2]:  256
[    0.000000] x86/fpu: Supporting XSAVE feature 0x01: 'x87 floating point registers'
[    0.000000] x86/fpu: Supporting XSAVE feature 0x02: 'SSE registers'
[    0.000000] x86/fpu: Supporting XSAVE feature 0x04: 'AVX registers'
[    0.000000] x86/fpu: Enabled xstate features 0x7, context size is 832 bytes, using 'standard' format.
[    0.000000] e820: BIOS-provided physical RAM map:
[    0.000000] BIOS-e820: [mem 0x0000000000000000-0x000000000009fbff] usable
[    0.000000] BIOS-e820: [mem 0x000000000009fc00-0x000000000009ffff] reserved
[    0.000000] BIOS-e820: [mem 0x00000000000f0000-0x00000000000fffff] reserved
[    0.000000] BIOS-e820: [mem 0x0000000000100000-0x000000003ffeffff] usable
[    0.000000] BIOS-e820: [mem 0x000000003fff0000-0x000000003fffffff] ACPI data
[    0.000000] BIOS-e820: [mem 0x00000000fec00000-0x00000000fec00fff] reserved
[    0.000000] BIOS-e820: [mem 0x00000000fee00000-0x00000000fee00fff] reserved
[    0.000000] BIOS-e820: [mem 0x00000000fffc0000-0x00000000ffffffff] reserved
[    0.000000] NX (Execute Disable) protection: active
[    0.000000] SMBIOS 2.5 present.
[    0.000000] Hypervisor detected: KVM
[    0.000000] e820: last_pfn = 0x3fff0 max_arch_pfn = 0x400000000
[    0.000000] MTRR: Disabled
[    0.000000] x86/PAT: MTRRs disabled, skipping PAT initialization too.
[    0.000000] CPU MTRRs all blank - virtualized system.
[    0.000000] x86/PAT: Configuration [0-7]: WB  WT  UC- UC  WB  WT  UC- UC  
[    0.000000] found SMP MP-table at [mem 0x0009fff0-0x0009ffff] mapped at [ffff88000009fff0]
[    0.000000] Scanning 1 areas for low memory corruption
[    0.000000] RAMDISK: [mem 0x362e4000-0x37169fff]
[    0.000000] ACPI: Early table checksum verification disabled
[    0.000000] ACPI: RSDP 0x00000000000E0000 000024 (v02 VBOX  )
[    0.000000] ACPI: XSDT 0x000000003FFF0030 00003C (v01 VBOX   VBOXXSDT 00000001 ASL  00000061)
[    0.000000] ACPI: FACP 0x000000003FFF00F0 0000F4 (v04 VBOX   VBOXFACP 00000001 ASL  00000061)
[    0.000000] ACPI: DSDT 0x000000003FFF0470 002325 (v02 VBOX   VBOXBIOS 00000002 INTL 20100528)
[    0.000000] ACPI: FACS 0x000000003FFF0200 000040
[    0.000000] ACPI: FACS 0x000000003FFF0200 000040
[    0.000000] ACPI: APIC 0x000000003FFF0240 00005C (v02 VBOX   VBOXAPIC 00000001 ASL  00000061)
[    0.000000] ACPI: SSDT 0x000000003FFF02A0 0001CC (v01 VBOX   VBOXCPUT 00000002 INTL 20100528)
[    0.000000] No NUMA configuration found
[    0.000000] Faking a node at [mem 0x0000000000000000-0x000000003ffeffff]
[    0.000000] NODE_DATA(0) allocated [mem 0x3ffeb000-0x3ffeffff]
[    0.000000] kvm-clock: Using msrs 4b564d01 and 4b564d00
[    0.000000] kvm-clock: cpu 0, msr 0:3ffe3001, primary cpu clock
[    0.000000] kvm-clock: using sched offset of 4900297659 cycles
[    0.000000] clocksource: kvm-clock: mask: 0xffffffffffffffff max_cycles: 0x1cd42e4dffb, max_idle_ns: 881590591483 ns
[    0.000000] Zone ranges:
[    0.000000]   DMA      [mem 0x0000000000001000-0x0000000000ffffff]
[    0.000000]   DMA32    [mem 0x0000000001000000-0x000000003ffeffff]
[    0.000000]   Normal   empty
[    0.000000]   Device   empty
[    0.000000] Movable zone start for each node
[    0.000000] Early memory node ranges
[    0.000000]   node   0: [mem 0x0000000000001000-0x000000000009efff]
[    0.000000]   node   0: [mem 0x0000000000100000-0x000000003ffeffff]
[    0.000000] Initmem setup node 0 [mem 0x0000000000001000-0x000000003ffeffff]
[    0.000000] ACPI: PM-Timer IO Port: 0x4008
[    0.000000] IOAPIC[0]: apic_id 2, version 32, address 0xfec00000, GSI 0-23
[    0.000000] ACPI: INT_SRC_OVR (bus 0 bus_irq 0 global_irq 2 dfl dfl)
[    0.000000] ACPI: INT_SRC_OVR (bus 0 bus_irq 9 global_irq 9 low level)
[    0.000000] Using ACPI (MADT) for SMP configuration information
[    0.000000] smpboot: Allowing 2 CPUs, 0 hotplug CPUs
[    0.000000] PM: Registered nosave memory: [mem 0x00000000-0x00000fff]
[    0.000000] PM: Registered nosave memory: [mem 0x0009f000-0x0009ffff]
[    0.000000] PM: Registered nosave memory: [mem 0x000a0000-0x000effff]
[    0.000000] PM: Registered nosave memory: [mem 0x000f0000-0x000fffff]
[    0.000000] e820: [mem 0x40000000-0xfebfffff] available for PCI devices
[    0.000000] Booting paravirtualized kernel on KVM
[    0.000000] clocksource: refined-jiffies: mask: 0xffffffff max_cycles: 0xffffffff, max_idle_ns: 7645519600211568 ns
[    0.000000] setup_percpu: NR_CPUS:512 nr_cpumask_bits:512 nr_cpu_ids:2 nr_node_ids:1
[    0.000000] PERCPU: Embedded 33 pages/cpu @ffff88003fc00000 s95448 r8192 d31528 u1048576
[    0.000000] Built 1 zonelists in Node order, mobility grouping on.  Total pages: 257912
[    0.000000] Policy zone: DMA32
[    0.000000] Kernel command line: BOOT_IMAGE=/boot/vmlinuz-4.4.0-173-generic root=LABEL=cloudimg-rootfs ro console=tty1 console=ttyS0
[    0.000000] PID hash table entries: 4096 (order: 3, 32768 bytes)
[    0.000000] Memory: 997680K/1048120K available (8626K kernel code, 1336K rwdata, 4032K rodata, 1488K init, 1292K bss, 50440K reserved, 0K cma-reserved)
[    0.000000] SLUB: HWalign=64, Order=0-3, MinObjects=0, CPUs=2, Nodes=1
[    0.000000] Kernel/User page tables isolation: enabled
[    0.000000] Hierarchical RCU implementation.
[    0.000000] 	Build-time adjustment of leaf fanout to 64.
[    0.000000] 	RCU restricting CPUs from NR_CPUS=512 to nr_cpu_ids=2.
[    0.000000] RCU: Adjusting geometry for rcu_fanout_leaf=64, nr_cpu_ids=2
[    0.000000] NR_IRQS:33024 nr_irqs:440 16
[    0.000000] Console: colour VGA+ 80x25
[    0.000000] console [tty1] enabled
[    0.000000] console [ttyS0] enabled
[    0.000000] tsc: Detected 2394.458 MHz processor
[    0.387819] Calibrating delay loop (skipped) preset value.. 4788.91 BogoMIPS (lpj=9577832)
[    0.392118] pid_max: default: 32768 minimum: 301
[    0.394762] ACPI: Core revision 20150930
[    0.402207] ACPI: 2 ACPI AML tables successfully acquired and loaded
[    0.405821] Security Framework initialized
[    0.407947] Yama: becoming mindful.
[    0.409714] AppArmor: AppArmor initialized
[    0.411872] Dentry cache hash table entries: 131072 (order: 8, 1048576 bytes)
[    0.420085] Inode-cache hash table entries: 65536 (order: 7, 524288 bytes)
[    0.423985] Mount-cache hash table entries: 2048 (order: 2, 16384 bytes)
[    0.429883] Mountpoint-cache hash table entries: 2048 (order: 2, 16384 bytes)
[    0.433205] Initializing cgroup subsys io
[    0.435332] Initializing cgroup subsys memory
[    0.438072] Initializing cgroup subsys devices
[    0.440845] Initializing cgroup subsys freezer
[    0.443782] Initializing cgroup subsys net_cls
[    0.446477] Initializing cgroup subsys perf_event
[    0.449031] Initializing cgroup subsys net_prio
[    0.451697] Initializing cgroup subsys hugetlb
[    0.454735] Initializing cgroup subsys pids
[    0.458651] mce: CPU supports 0 MCE banks
[    0.461095] Last level iTLB entries: 4KB 64, 2MB 8, 4MB 8
[    0.464663] Last level dTLB entries: 4KB 64, 2MB 0, 4MB 0, 1GB 4
[    0.468368] Spectre V1 : Mitigation: usercopy/swapgs barriers and __user pointer sanitization
[    0.473899] Spectre V2 : Mitigation: Full generic retpoline
[    0.477216] Spectre V2 : Spectre v2 / SpectreRSB mitigation: Filling RSB on context switch
[    0.482288] Speculative Store Bypass: Vulnerable
[    0.485426] MDS: Vulnerable: Clear CPU buffers attempted, no microcode
[    0.494956] Freeing SMP alternatives memory: 36K
[    0.513252] ftrace: allocating 32304 entries in 127 pages
[    0.647067] smpboot: APIC(0) Converting physical 0 to logical package 0
[    0.649846] smpboot: Max logical packages: 1
[    0.652579] x2apic enabled
[    0.654797] Switched APIC routing to physical x2apic.
[    0.660285] ..TIMER: vector=0x30 apic1=0 pin1=2 apic2=-1 pin2=-1
[    0.770904] smpboot: CPU0: Intel(R) Core(TM) i7-5500U CPU @ 2.40GHz (family: 0x6, model: 0x3d, stepping: 0x4)
[    0.775989] Performance Events: unsupported p6 CPU model 61 no PMU driver, software events only.
[    0.799199] KVM setup paravirtual spinlock
[    0.802195] x86: Booting SMP configuration:
[    0.804286] .... node  #0, CPUs:      #1
[    0.806287] kvm-clock: cpu 1, msr 0:3ffe3041, secondary cpu clock
[    0.809420] mce: CPU supports 0 MCE banks
[    0.812677] x86: Booted up 1 node, 2 CPUs
[    0.815219] smpboot: Total of 2 processors activated (9577.83 BogoMIPS)
[    0.818919] devtmpfs: initialized
[    0.834552] evm: security.selinux
[    0.836390] evm: security.SMACK64
[    0.838089] evm: security.SMACK64EXEC
[    0.839933] evm: security.SMACK64TRANSMUTE
[    0.841942] evm: security.SMACK64MMAP
[    0.843870] evm: security.ima
[    0.845859] evm: security.capability
[    0.848174] clocksource: jiffies: mask: 0xffffffff max_cycles: 0xffffffff, max_idle_ns: 7645041785100000 ns
[    0.852531] futex hash table entries: 512 (order: 3, 32768 bytes)
[    0.855422] pinctrl core: initialized pinctrl subsystem
[    0.857954] RTC time: 12:44:58, date: 03/02/20
[    0.860390] NET: Registered protocol family 16
[    0.872522] cpuidle: using governor ladder
[    0.884208] cpuidle: using governor menu
[    0.886631] PCCT header not found.
[    0.889309] ACPI: bus type PCI registered
[    0.891755] acpiphp: ACPI Hot Plug PCI Controller Driver version: 0.5
[    0.895561] PCI: Using configuration type 1 for base access
[    0.912733] ACPI: Added _OSI(Module Device)
[    0.915321] ACPI: Added _OSI(Processor Device)
[    0.918043] ACPI: Added _OSI(3.0 _SCP Extensions)
[    0.920725] ACPI: Added _OSI(Processor Aggregator Device)
[    0.925807] ACPI: Executed 1 blocks of module-level executable AML code
[    0.937349] ACPI: Interpreter enabled
[    0.939848] ACPI: (supports S0 S5)
[    0.942020] ACPI: Using IOAPIC for interrupt routing
[    0.945579] PCI: Using host bridge windows from ACPI; if necessary, use "pci=nocrs" and report a bug
[    0.962922] ACPI: PCI Root Bridge [PCI0] (domain 0000 [bus 00-ff])
[    0.966348] acpi PNP0A03:00: _OSC: OS supports [ASPM ClockPM Segments MSI]
[    0.970819] acpi PNP0A03:00: _OSC: not requesting OS control; OS requires [ExtendedConfig ASPM ClockPM MSI]
[    0.975138] acpi PNP0A03:00: fail to add MMCONFIG information, can't access extended PCI configuration space under this bridge.
[    0.980657] PCI host bridge to bus 0000:00
[    0.982669] pci_bus 0000:00: root bus resource [io  0x0000-0x0cf7 window]
[    0.986358] pci_bus 0000:00: root bus resource [io  0x0d00-0xffff window]
[    0.990734] pci_bus 0000:00: root bus resource [mem 0x000a0000-0x000bffff window]
[    0.994299] pci_bus 0000:00: root bus resource [mem 0x40000000-0xfdffffff window]
[    0.997757] pci_bus 0000:00: root bus resource [bus 00-ff]
[    1.003515] pci 0000:00:01.1: legacy IDE quirk: reg 0x10: [io  0x01f0-0x01f7]
[    1.006402] pci 0000:00:01.1: legacy IDE quirk: reg 0x14: [io  0x03f6]
[    1.009202] pci 0000:00:01.1: legacy IDE quirk: reg 0x18: [io  0x0170-0x0177]
[    1.012150] pci 0000:00:01.1: legacy IDE quirk: reg 0x1c: [io  0x0376]
[    1.067489] pci 0000:00:07.0: quirk: [io  0x4000-0x403f] claimed by PIIX4 ACPI
[    1.071888] pci 0000:00:07.0: quirk: [io  0x4100-0x410f] claimed by PIIX4 SMB
[    1.084180] ACPI: PCI Interrupt Link [LNKA] (IRQs 5 9 10 *11)
[    1.089501] ACPI: PCI Interrupt Link [LNKB] (IRQs 5 9 *10 11)
[    1.094248] ACPI: PCI Interrupt Link [LNKC] (IRQs 5 *9 10 11)
[    1.098773] ACPI: PCI Interrupt Link [LNKD] (IRQs 5 9 10 *11)
[    1.103012] ACPI: Enabled 2 GPEs in block 00 to 07
[    1.106556] vgaarb: setting as boot device: PCI:0000:00:02.0
[    1.109436] vgaarb: device added: PCI:0000:00:02.0,decodes=io+mem,owns=io+mem,locks=none
[    1.114442] vgaarb: loaded
[    1.116136] vgaarb: bridge control possible 0000:00:02.0
[    1.119034] SCSI subsystem initialized
[    1.121180] ACPI: bus type USB registered
[    1.123110] usbcore: registered new interface driver usbfs
[    1.125398] usbcore: registered new interface driver hub
[    1.127647] usbcore: registered new device driver usb
[    1.134839] PCI: Using ACPI for IRQ routing
[    1.137455] NetLabel: Initializing
[    1.139183] NetLabel:  domain hash size = 128
[    1.141275] NetLabel:  protocols = UNLABELED CIPSOv4
[    1.143598] NetLabel:  unlabeled traffic allowed by default
[    1.147350] amd_nb: Cannot enumerate AMD northbridges
[    1.150828] clocksource: Switched to clocksource kvm-clock
[    1.183092] AppArmor: AppArmor Filesystem Enabled
[    1.185491] pnp: PnP ACPI init
[    1.189026] pnp: PnP ACPI: found 3 devices
[    1.204392] clocksource: acpi_pm: mask: 0xffffff max_cycles: 0xffffff, max_idle_ns: 2085701024 ns
[    1.209338] NET: Registered protocol family 2
[    1.212265] TCP established hash table entries: 8192 (order: 4, 65536 bytes)
[    1.216155] TCP bind hash table entries: 8192 (order: 5, 131072 bytes)
[    1.220004] TCP: Hash tables configured (established 8192 bind 8192)
[    1.225701] UDP hash table entries: 512 (order: 2, 16384 bytes)
[    1.231448] UDP-Lite hash table entries: 512 (order: 2, 16384 bytes)
[    1.235327] NET: Registered protocol family 1
[    1.238185] pci 0000:00:00.0: Limiting direct PCI/PCI transfers
[    1.241699] pci 0000:00:01.0: Activating ISA DMA hang workarounds
[    1.245550] Unpacking initramfs...
[    1.854132] Freeing initrd memory: 14872K
[    1.857073] RAPL PMU detected, API unit is 2^-32 Joules, 4 fixed counters 10737418240 ms ovfl timer
[    1.862093] hw unit of domain pp0-core 2^-0 Joules
[    1.864457] hw unit of domain package 2^-0 Joules
[    1.866710] hw unit of domain dram 2^-0 Joules
[    1.869148] hw unit of domain pp1-gpu 2^-0 Joules
[    1.873699] clocksource: tsc: mask: 0xffffffffffffffff max_cycles: 0x2283c44026a, max_idle_ns: 440795260713 ns
[    1.878363] platform rtc_cmos: registered platform RTC device (no PNP device found)
[    1.882650] Scanning for low memory corruption every 60 seconds
[    1.885985] audit: initializing netlink subsys (disabled)
[    1.888704] audit: type=2000 audit(1583153105.529:1): initialized
[    1.892141] Initialise system trusted keyring
[    1.894581] HugeTLB registered 2 MB page size, pre-allocated 0 pages
[    1.900970] zbud: loaded
[    1.903295] VFS: Disk quotas dquot_6.6.0
[    1.905283] VFS: Dquot-cache hash table entries: 512 (order 0, 4096 bytes)
[    1.908778] squashfs: version 4.0 (2009/01/31) Phillip Lougher
[    1.911914] fuse init (API version 7.23)
[    1.914242] Key type big_key registered
[    1.916301] Allocating IMA MOK and blacklist keyrings.
[    1.921377] Key type asymmetric registered
[    1.923354] Asymmetric key parser 'x509' registered
[    1.925786] Block layer SCSI generic (bsg) driver version 0.4 loaded (major 249)
[    1.929844] io scheduler noop registered
[    1.932302] io scheduler deadline registered (default)
[    1.934954] io scheduler cfq registered
[    1.937083] pci_hotplug: PCI Hot Plug PCI Core version: 0.5
[    1.939588] pciehp: PCI Express Hot Plug Controller Driver version: 0.4
[    1.942991] ACPI: AC Adapter [AC] (on-line)
[    1.945130] input: Power Button as /devices/LNXSYSTM:00/LNXPWRBN:00/input/input0
[    1.948873] ACPI: Power Button [PWRF]
[    1.952005] input: Sleep Button as /devices/LNXSYSTM:00/LNXSLPBN:00/input/input1
[    1.957192] ACPI: Sleep Button [SLPF]
[    1.961742] ACPI: Battery Slot [BAT0] (battery present)
[    1.964679] GHES: HEST is not enabled!
[    1.966738] Serial: 8250/16550 driver, 32 ports, IRQ sharing enabled
[    1.991151] 00:02: ttyS0 at I/O 0x3f8 (irq = 4, base_baud = 115200) is a 16550A
[    1.997639] Linux agpgart interface v0.103
[    2.002697] loop: module loaded
[    2.005898] scsi host0: ata_piix
[    2.007906] scsi host1: ata_piix
[    2.009685] ata1: PATA max UDMA/33 cmd 0x1f0 ctl 0x3f6 bmdma 0xd000 irq 14
[    2.012931] ata2: PATA max UDMA/33 cmd 0x170 ctl 0x376 bmdma 0xd008 irq 15
[    2.016248] libphy: Fixed MDIO Bus: probed
[    2.018416] tun: Universal TUN/TAP device driver, 1.6
[    2.020887] tun: (C) 1999-2004 Max Krasnyansky <maxk@qualcomm.com>
[    2.023789] PPP generic driver version 2.4.2
[    2.026052] ehci_hcd: USB 2.0 'Enhanced' Host Controller (EHCI) Driver
[    2.028934] ehci-pci: EHCI PCI platform driver
[    2.033640] ehci-platform: EHCI generic platform driver
[    2.036004] ohci_hcd: USB 1.1 'Open' Host Controller (OHCI) Driver
[    2.038839] ohci-pci: OHCI PCI platform driver
[    2.041054] ohci-platform: OHCI generic platform driver
[    2.043477] uhci_hcd: USB Universal Host Controller Interface driver
[    2.046461] i8042: PNP: PS/2 Controller [PNP0303:PS2K,PNP0f03:PS2M] at 0x60,0x64 irq 1,12
[    2.051419] serio: i8042 KBD port at 0x60,0x64 irq 1
[    2.053717] serio: i8042 AUX port at 0x60,0x64 irq 12
[    2.056228] mousedev: PS/2 mouse device common for all mice
[    2.059901] input: AT Translated Set 2 keyboard as /devices/platform/i8042/serio0/input/input2
[    2.064077] rtc_cmos rtc_cmos: rtc core: registered rtc_cmos as rtc0
[    2.067043] rtc_cmos rtc_cmos: alarms up to one day, 114 bytes nvram
[    2.069622] i2c /dev entries driver
[    2.071579] device-mapper: uevent: version 1.0.3
[    2.073909] device-mapper: ioctl: 4.34.0-ioctl (2015-10-28) initialised: dm-devel@redhat.com
[    2.077893] ledtrig-cpu: registered to indicate activity on CPUs
[    2.081115] NET: Registered protocol family 10
[    2.083597] NET: Registered protocol family 17
[    2.085701] Key type dns_resolver registered
[    2.088585] registered taskstats version 1
[    2.090585] Loading compiled-in X.509 certificates
[    2.093924] Loaded X.509 cert 'Build time autogenerated kernel key: 4e6a82653c7e3a258f066f23f1954299de63b157'
[    2.098456] zswap: loaded using pool lzo/zbud
[    2.104119] Key type trusted registered
[    2.113647] Key type encrypted registered
[    2.115894] AppArmor: AppArmor sha1 policy hashing enabled
[    2.118418] ima: No TPM chip found, activating TPM-bypass!
[    2.121046] ima: Allocated hash algorithm: sha1
[    2.123212] evm: HMAC attrs: 0x1
[    2.125741]   Magic number: 12:87:733
[    2.127797] rtc_cmos rtc_cmos: setting system clock to 2020-03-02 12:45:00 UTC (1583153100)
[    2.132578] BIOS EDD facility v0.16 2004-Jun-25, 0 devices found
[    2.135247] EDD information not available.
[    3.119488] Freeing unused kernel memory: 1488K
[    3.131343] Write protecting the kernel read-only data: 14336k
[    3.135126] Freeing unused kernel memory: 1604K
[    3.137657] Freeing unused kernel memory: 64K
Loading, please wait...
starting version 229
[    3.166642] random: systemd-udevd: uninitialized urandom read (16 bytes read, 7 bits of entropy available)
[    3.167988] random: udevadm: uninitialized urandom read (16 bytes read, 7 bits of entropy available)
[    3.168016] random: udevadm: uninitialized urandom read (16 bytes read, 7 bits of entropy available)
[    3.181008] random: systemd-udevd: uninitialized urandom read (16 bytes read, 7 bits of entropy available)
[    3.186464] random: systemd-udevd: uninitialized urandom read (16 bytes read, 7 bits of entropy available)
[    3.190344] random: udevadm: uninitialized urandom read (16 bytes read, 7 bits of entropy available)
[    3.190427] random: udevadm: uninitialized urandom read (16 bytes read, 7 bits of entropy available)
[    3.190748] random: udevadm: uninitialized urandom read (16 bytes read, 7 bits of entropy available)
[    3.190856] random: udevadm: uninitialized urandom read (16 bytes read, 7 bits of entropy available)
[    3.190962] random: udevadm: uninitialized urandom read (16 bytes read, 7 bits of entropy available)
[    3.273442] e1000: Intel(R) PRO/1000 Network Driver - version 7.3.21-k8-NAPI
[    3.277090] e1000: Copyright (c) 1999-2006 Intel Corporation.
[    3.283806] Fusion MPT base driver 3.04.20
[    3.285934] Copyright (c) 1999-2008 LSI Corporation
[    3.301766] Fusion MPT SPI Host driver 3.04.20
[    3.342807] AVX2 version of gcm_enc/dec engaged.
[    3.345196] AES CTR mode by8 optimization enabled
[    3.505594] input: ImExPS/2 Generic Explorer Mouse as /devices/platform/i8042/serio1/input/input4
[    3.895661] e1000 0000:00:03.0 eth0: (PCI:33MHz:32-bit) 02:0e:0c:9a:00:f0
[    3.898415] e1000 0000:00:03.0 eth0: Intel(R) PRO/1000 Network Connection
[    3.904222] e1000 0000:00:03.0 enp0s3: renamed from eth0
[    3.907078] mptbase: ioc0: Initiating bringup
[    3.971873] ioc0: LSI53C1030 A0: Capabilities={Initiator}
[    4.138503] scsi host2: ioc0: LSI53C1030 A0, FwRev=00000000h, Ports=1, MaxQ=256, IRQ=20
[    4.256033] scsi 2:0:0:0: Direct-Access     VBOX     HARDDISK         1.0  PQ: 0 ANSI: 5
[    4.259888] scsi target2:0:0: Beginning Domain Validation
[    4.265871] scsi target2:0:0: Domain Validation skipping write tests
[    4.268660] scsi target2:0:0: Ending Domain Validation
[    4.271571] scsi target2:0:0: asynchronous
[    4.306523] scsi 2:0:1:0: Direct-Access     VBOX     HARDDISK         1.0  PQ: 0 ANSI: 5
[    4.310469] scsi target2:0:1: Beginning Domain Validation
[    4.316374] scsi target2:0:1: Domain Validation skipping write tests
[    4.318989] scsi target2:0:1: Ending Domain Validation
[    4.321441] scsi target2:0:1: asynchronous
[    4.332372] sd 2:0:0:0: [sda] 20971520 512-byte logical blocks: (10.7 GB/10.0 GiB)
[    4.336062] sd 2:0:0:0: Attached scsi generic sg0 type 0
[    4.338785] sd 2:0:0:0: [sda] Write Protect is off
[    4.341500] sd 2:0:0:0: [sda] Incomplete mode parameter data
[    4.343873] sd 2:0:0:0: [sda] Assuming drive cache: write through
[    4.347075] sd 2:0:1:0: [sdb] 20480 512-byte logical blocks: (10.5 MB/10.0 MiB)
[    4.347224] sd 2:0:1:0: Attached scsi generic sg1 type 0
[    4.353595] sd 2:0:1:0: [sdb] Write Protect is off
[    4.356171] sd 2:0:1:0: [sdb] Incomplete mode parameter data
[    4.359194] sd 2:0:1:0: [sdb] Assuming drive cache: write through
[    4.388467]  sda: sda1
[    4.392094] sd 2:0:0:0: [sda] Attached SCSI disk
[    4.415771] sd 2:0:1:0: [sdb] Attached SCSI disk
Begin: Loading essential drivers ... [    6.874464] md: linear personality registered for level -1
[    6.882586] md: multipath personality registered for level -4
[    6.891601] md: raid0 personality registered for level 0
[    6.904006] md: raid1 personality registered for level 1
[    6.983079] raid6: sse2x1   gen()  2099 MB/s
[    7.051402] raid6: sse2x1   xor()  1237 MB/s
[    7.119191] raid6: sse2x2   gen()  3619 MB/s
[    7.186861] raid6: sse2x2   xor()  2627 MB/s
[    7.254904] raid6: sse2x4   gen()  6136 MB/s
[    7.322909] raid6: sse2x4   xor()  3561 MB/s
[    7.391110] raid6: avx2x1   gen()  5142 MB/s
[    7.458942] raid6: avx2x2   gen()  9077 MB/s
[    7.526921] raid6: avx2x4   gen() 11594 MB/s
[    7.529063] raid6: using algorithm avx2x4 gen() 11594 MB/s
[    7.531504] raid6: using avx2x2 recovery algorithm
[    7.535866] xor: automatically using best checksumming function:
[    7.575175]    avx       : 17804.000 MB/sec
[    7.580673] async_tx: api initialized (async)
[    7.603362] md: raid6 personality registered for level 6
[    7.607060] md: raid5 personality registered for level 5
[    7.610546] md: raid4 personality registered for level 4
[    7.624854] md: raid10 personality registered for level 10
done.
Begin: Running /scripts/init-premount ... done.
Begin: Mounting root file system ... Begin: Running /scripts/local-top ... done.
Begin: Running /scripts/local-premount ... [    7.696410] Btrfs loaded
Scanning for Btrfs filesystems
done.
Warning: fsck not present, so skipping root file system
[    7.775821] EXT4-fs (sda1): mounted filesystem with ordered data mode. Opts: (null)
done.
Begin: Running /scripts/local-bottom ... done.
Begin: Running /scripts/init-bottom ... done.
[    8.435768] random: nonblocking pool is initialized
[    8.771153] systemd[1]: systemd 229 running in system mode. (+PAM +AUDIT +SELINUX +IMA +APPARMOR +SMACK +SYSVINIT +UTMP +LIBCRYPTSETUP +GCRYPT +GNUTLS +ACL +XZ -LZ4 +SECCOMP +BLKID +ELFUTILS +KMOD -IDN)
[    8.779131] systemd[1]: Detected virtualization oracle.
[    8.782645] systemd[1]: Detected architecture x86-64.

Welcome to [1mUbuntu 16.04.6 LTS[0m!

[    8.819673] systemd[1]: Set hostname to <ubuntu>.
[    8.869961] systemd[1]: Initializing machine ID from random generator.
[    8.872944] systemd[1]: Installed transient /etc/machine-id file.
[   10.045583] systemd[1]: Listening on Journal Audit Socket.
[[0;32m  OK  [0m] Listening on Journal Audit Socket.
[   10.055534] systemd[1]: Listening on Journal Socket (/dev/log).
[[0;32m  OK  [0m] Listening on Journal Socket (/dev/log).
[   10.059879] systemd[1]: Reached target User and Group Name Lookups.
[[0;32m  OK  [0m] Reached target User and Group Name Lookups.
[   10.064360] systemd[1]: Listening on /dev/initctl Compatibility Named Pipe.
[[0;32m  OK  [0m] Listening on /dev/initctl Compatibility Named Pipe.
[   10.075109] systemd[1]: Listening on udev Kernel Socket.
[[0;32m  OK  [0m] Listening on udev Kernel Socket.
[   10.079076] systemd[1]: Listening on Syslog Socket.
[[0;32m  OK  [0m] Listening on Syslog Socket.
[   10.083157] systemd[1]: Set up automount Arbitrary Executable File Formats File System Automount Point.
[[0;32m  OK  [0m] Set up automount Arbitrary Executab...ats File System Automount Point.
[   10.089783] systemd[1]: Started Forward Password Requests to Wall Directory Watch.
[[0;32m  OK  [0m] Started Forward Password Requests to Wall Directory Watch.
[   10.095659] systemd[1]: Reached target System Time Synchronized.
[[0;32m  OK  [0m] Reached target System Time Synchronized.
[   10.100516] systemd[1]: Created slice System Slice.
[[0;32m  OK  [0m] Created slice System Slice.
[   10.105004] systemd[1]: Created slice system-serial\x2dgetty.slice.
[[0;32m  OK  [0m] Created slice system-serial\x2dgetty.slice.
[   10.115241] systemd[1]: Listening on LVM2 metadata daemon socket.
[[0;32m  OK  [0m] Listening on LVM2 metadata daemon socket.
[   10.120825] systemd[1]: Listening on Journal Socket.
[[0;32m  OK  [0m] Listening on Journal Socket.
[   10.139572] systemd[1]: Starting Nameserver information manager...
         Starting Nameserver information manager...
[   10.146606] systemd[1]: Starting Set console keymap...
         Starting Set console keymap...
[   10.154448] systemd[1]: Mounting POSIX Message Queue File System...
         Mounting POSIX Message Queue File System...
[   10.161650] systemd[1]: Starting Uncomplicated firewall...
         Starting Uncomplicated firewall...
[   10.168235] systemd[1]: Starting Remount Root and Kernel File Systems...
         Starting Remount Root and Kernel File Systems...
[   10.176955] systemd[1]: Starting Journal Service...
         Starting Journal Service...
[   10.181528] systemd[1]: Created slice User and Session Slice.
[[0;32m  OK  [0m] Created slice User and Session Slice.
[   10.186574] systemd[1]: Reached target Slices.
[[0;32m  OK  [0m] Reached target Slices.
[   10.191109] systemd[1]: Listening on Device-mapper event daemon FIFOs.
[[0;32m  OK  [0m] Listening on Device-mapper event daemon FIFOs.
[   10.197784] systemd[1]: Starting Monitoring of LVM2 mirrors, snapshots etc. using dmeventd or progress polling...
         Starting Monitoring of LVM2 mirrors... dmeventd or progress polling...
[   10.211932] systemd[1]: Listening on udev Control Socket.
[[0;32m  OK  [0m] Listening on udev Control Socket.
[   10.217818] systemd[1]: Mounting Debug File System...
         Mounting Debug File System...
[   10.222241] systemd[1]: Listening on LVM2 poll daemon socket.
[[0;32m  OK  [[   10.226321] EXT4-fs (sda1): re-mounted. Opts: (null)
0m] Listening on LVM2 poll daemon socket.
[   10.347049] systemd[1]: Starting Load Kernel Modules...
         Starting Load Kernel Modules...
[   10.352605] systemd[1]: Starting Create list of required static device nodes for the current kernel...
         Starting Create list of required st... nodes for the current kernel...
[   10.368769] systemd[1]: Mounting Huge Pages File System...
         Mounting Huge Pages File System...
[   10.431580] systemd[1]: Reached target Encrypted Volumes.
[[0;32m  OK  [0m] Reached target Encrypted Volumes.
[   10.435969] systemd[1]: Started Trigger resolvconf update for networkd DNS.
[[0;32m  OK  [0m] Started Trigger resolvconf update for networkd DNS.
[   10.440744] systemd[1]: Reached target Swap.
[[0;32m  OK  [0m] Reached target Swap.
[   10.457937] systemd[1]: Mounted Debug File System.
[[0;32m  OK  [0m] Mounted Debug File System.
[   10.463288] systemd[1]: Mounted Huge Pages File System.
[[0;32m  OK  [0m] Mounted Huge Pages File System.
[   10.468485] systemd[1]: Mounted POSIX Message Queue File System.
[[0;32m  OK  [0m] Mounted POSIX Message Queue File System.
[   10.476646] systemd[1]: Started Uncomplicated firewall.
[[0;32m  OK  [0m] Started Uncomplicated firewall.
[   10.481933] systemd[1]: Started Remount Root and Kernel File Systems.
[[0;32m  OK  [0m] Started Remount Root and Kernel File Systems.
[   10.495558] systemd[1]: Starting Load/Save Random Seed...
         Starting Load/Save Random Seed...
[   10.607077] systemd[1]: Starting udev Coldplug all Devices...
         Starting udev Coldplug all Devices...
[   10.613808] systemd[1]: Started Create list of required static device nodes for the current kernel.
[[0;32m  OK  [0m] Started Create list of required sta...ce nodes for the current kernel.
[   10.628514] systemd[1]: Started Nameserver information manager.
[[0;32m  OK  [0m] Started Nameserver information manager.
[   10.641594] systemd[1]: Starting Create Static Device Nodes in /dev...
         Starting Create Static Device Nodes in /dev...
[   10.801893] systemd[1]: Started Load/Save Random Seed.
[[0;32m  OK  [0m] Started Load/Save Random Seed.
[   10.882408] systemd[1]: Started udev Coldplug all Devices.
[[0;32m  OK  [0m] Started udev Coldplug all Devices.
[   10.927865] systemd[1]: Started Set console keymap.
[[0;32m  OK  [0m] Started Set console keymap.
[   10.945080] Loading iSCSI transport class v2.0-870.
[   10.950320] systemd[1]: Started Journal Service.
[[0;32m  OK  [0m] Started Journal Service.
         Starting Flush Journal to Persistent Storage...
[   11.053025] iscsi: registered transport (tcp)
[   11.069962] systemd-journald[376]: Received request to flush runtime journal from PID 1
[[0;32m  OK  [0m] Started LVM2 metadata daemon.
[[0;32m  OK  [0m] Started Flush Journal to Persistent Storage.
[   11.377275] iscsi: registered transport (iser)
[[0;32m  OK  [0m] Started Load Kernel Modules.
         Starting Apply Kernel Variables...
         Mounting FUSE Control File System...
[[0;32m  OK  [0m] Mounted FUSE Control File System.
[[0;32m  OK  [0m] Started Monitoring of LVM2 mirrors,...ng dmeventd or progress polling.
[[0;32m  OK  [0m] Started Create Static Device Nodes in /dev.
[[0;32m  OK  [0m] Started Apply Kernel Variables.
[[0;32m  OK  [0m] Reached target Local File Systems (Pre).
[[0;32m  OK  [0m] Reached target Local File Systems.
         Starting Set console font and keymap...
         Starting Initial cloud-init job (pre-networking)...
         Starting Create Volatile Files and Directories...
         Starting Commit a transient machine-id on disk...
         Starting LSB: AppArmor initialization...
         Starting Tell Plymouth To Write Out Runtime Data...
         Starting udev Kernel Device Manager...
[[0;32m  OK  [0m] Started Commit a transient machine-id on disk.
[[0;32m  OK  [0m] Started Tell Plymouth To Write Out Runtime Data.
[[0;32m  OK  [0m] Started Create Volatile Files and Directories.
         Starting Update UTMP about System Boot/Shutdown...
[[0;32m  OK  [0m] Started Update UTMP about System Boot/Shutdown.
[[0;32m  OK  [0m] Started udev Kernel Device Manager.
[[0;32m  OK  [0m] Started Dispatch Password Requests to Console Directory Watch.
[[0;32m  OK  [0m] Found device /dev/ttyS0.
[[0;32m  OK  [0m] Listening on Load/Save RF Kill Switch Status /dev/rfkill Watch.
[[0;32m  OK  [0m] Started Set console font and keymap.
[[0;32m  OK  [0m] Created slice system-getty.slice.
[[0;32m  OK  [0m] Started LSB: AppArmor initialization.
[   20.171331] cloud-init[459]: Cloud-init v. 19.4-33-gbb4131a2-0ubuntu1~16.04.1 running 'init-local' at Mon, 02 Mar 2020 12:45:18 +0000. Up 19.40 seconds.
[[0;32m  OK  [0m] Started Initial cloud-init job (pre-networking).
[[0;32m  OK  [0m] Reached target Network (Pre).
         Starting Raise network interfaces...
[[0;32m  OK  [0m] Started Raise network interfaces.
[[0;32m  OK  [0m] Reached target Network.
         Starting Initial cloud-init job (metadata service crawler)...
[   23.652570] cloud-init[948]: Cloud-init v. 19.4-33-gbb4131a2-0ubuntu1~16.04.1 running 'init' at Mon, 02 Mar 2020 12:45:20 +0000. Up 21.51 seconds.
[   23.661056] cloud-init[948]: ci-info: ++++++++++++++++++++++++++++++++++++Net device info++++++++++++++++++++++++++++++++++++
[   23.664518] cloud-init[948]: ci-info: +--------+------+------------------------+---------------+--------+-------------------+
[   23.672749] cloud-init[948]: ci-info: | Device |  Up  |        Address         |      Mask     | Scope  |     Hw-Address    |
[   23.680685] cloud-init[948]: ci-info: +--------+------+------------------------+---------------+--------+-------------------+
[   23.683643] cloud-init[948]: ci-info: | enp0s3 | True |       10.0.2.15        | 255.255.255.0 | global | 02:0e:0c:9a:00:f0 |
[   23.686965] cloud-init[948]: ci-info: | enp0s3 | True | fe80::e:cff:fe9a:f0/64 |       .       |  link  | 02:0e:0c:9a:00:f0 |
[   23.689962] cloud-init[948]: ci-info: |   lo   | True |       127.0.0.1        |   255.0.0.0   |  host  |         .         |
[   23.701057] cloud-init[948]: ci-info: |   lo   | True |        ::1/128         |       .       |  host  |         .         |
[   23.704051] cloud-init[948]: ci-info: +--------+------+------------------------+---------------+--------+-------------------+
[   23.707279] cloud-init[948]: ci-info: +++++++++++++++++++++++++++Route IPv4 info++++++++++++++++++++++++++++
[   23.710079] cloud-init[948]: ci-info: +-------+-------------+----------+---------------+-----------+-------+
[   23.712682] cloud-init[948]: ci-info: | Route | Destination | Gateway  |    Genmask    | Interface | Flags |
[   23.716767] cloud-init[948]: ci-info: +-------+-------------+----------+---------------+-----------+-------+
[   23.721367] cloud-init[948]: ci-info: |   0   |   0.0.0.0   | 10.0.2.2 |    0.0.0.0    |   enp0s3  |   UG  |
[   23.729506] cloud-init[948]: ci-info: |   1   |   10.0.2.0  | 0.0.0.0  | 255.255.255.0 |   enp0s3  |   U   |
[   23.732615] cloud-init[948]: ci-info: +-------+-------------+----------+---------------+-----------+-------+
[   23.735648] cloud-init[948]: ci-info: +++++++++++++++++++Route IPv6 info+++++++++++++++++++
[   23.738113] cloud-init[948]: ci-info: +-------+-------------+---------+-----------+-------+
[   23.740839] cloud-init[948]: ci-info: | Route | Destination | Gateway | Interface | Flags |
[   23.748927] cloud-init[948]: ci-info: +-------+-------------+---------+-----------+-------+
[   23.751774] cloud-init[948]: ci-info: |   0   |  fe80::/64  |    ::   |   enp0s3  |   U   |
[   23.754427] cloud-init[948]: ci-info: |   3   |   ff00::/8  |    ::   |   enp0s3  |   U   |
[   23.756975] cloud-init[948]: ci-info: +-------+-------------+---------+-----------+-------+
[   23.759741] cloud-init[948]: Generating public/private rsa key pair.
[   23.768617] cloud-init[948]: Your identification has been saved in /etc/ssh/ssh_host_rsa_key.
[   23.771533] cloud-init[948]: Your public key has been saved in /etc/ssh/ssh_host_rsa_key.pub.
[   23.774136] cloud-init[948]: The key fingerprint is:
[   23.776215] cloud-init[948]: SHA256:YDymYoJsarxZ8Qr6ogOmXnSggPk18VWIC/NYjjJgASU root@ubuntu-xenial
[[   23.784744] cloud-init[948]: The key's randomart image is:
[   23.785447] cloud-init[948]: +---[RSA 2048]----+
[   23.786183] cloud-init[948]: |Eoo .  ..o.      |
[   23.787070] cloud-init[948]: |o+  o+o..        |
[0;32m  OK  [0m] Started Initial cloud-init job (metadata service crawler).
[   23.787662] cloud-init[948]: |=. .oOB.         |
[   23.792391] cloud-init[948]: |+.+.+=+o         |
[   23.792810] cloud-init[948]: |o++=..  S        |
[   23.793799] cloud-init[948]: |=+..+            |
[[0;32m  OK  [0m] Reached target Cloud-config availability.
[[0;32m  OK  [0m] Reached target System Initialization.
[   23.794519] cloud-init[948]: |=+ o .           |
[   23.806366] cloud-init[948]: |* * .            |
[   23.808527] cloud-init[948]: |=B..             |
[   23.817163] cloud-init[948]: +----[SHA256]-----+
         Starting LXD - unix socket.
[[0;32m  OK  [0m] Listening on D-Bus System Message Bus Socket.
[[0;32m  OK  [0m] Listening on ACPID Listen Socket.
[[0;32m  OK  [0m] Started Daily apt download activities.
[   23.819207] cloud-init[948]: Generating public/private dsa key pair.
[   23.827237] cloud-init[948]: Your identification has been saved in /etc/ssh/ssh_host_dsa_key.
[[0;32m  OK  [0m[   23.830119] cloud-init[948]: Your public key has been saved in /etc/ssh/ssh_host_dsa_key.pub.
[   23.830625] cloud-init[948]: The key fingerprint is:
] Started Daily apt upgrade and clean activities.
         [   23.831454] cloud-init[948]: SHA256:cagq0pQ3VV+PESfNXvHKzQ3Jy9jd4gnGpE4yzihg2ME root@ubuntu-xenial
[   23.835256] cloud-init[948]: The key's randomart image is:
Starting Socket activation for snappy daemon.
[   23.837542] cloud-init[948]: +---[DSA 1024]----+
[   23.842353] cloud-init[948]: |        .   =+...|
[   23.849369] cloud-init[948]: | .     . o . Bo.o|
[   23.849802] cloud-init[948]: |  E   . o o o.=..|
[   23.850794] cloud-init[948]: | o o . . o + =.Bo|
[   23.852842] cloud-init[948]: |. * o . S o = B *|
[   23.853144] cloud-init[948]: | + o o + = . o o |
[   23.854142] cloud-init[948]: |. o o . o .   o  |
[   23.855064] cloud-init[948]: | . . .           |
[   23.856093] cloud-init[948]: |                 |
[   23.856959] cloud-init[948]: +----[SHA256]-----+
[   23.858413] cloud-init[948]: Generating public/private ecdsa key pair.
[   23.859115] cloud-init[948]: Your identification has been saved in /etc/ssh/ssh_host_ecdsa_key.
[[0;32m  OK  [0m] Started ACPI Events Check.
[   23.859933] cloud-init[948]: Your public key has been saved in /etc/ssh/ssh_host_ecdsa_key.pub.
[   23.872799] cloud-init[948]: The key fingerprint is:
[   23.873234] cloud-init[948]: SHA256:12Rak8eFMybCI50Qwvak5vKqVB5U5xXUEw5No9f5efQ root@ubuntu-xenial
[   23.874179] cloud-init[948]: The key's randomart image is:
[   23.875188] cloud-init[948]: +---[ECDSA 256]---+
[   23.877656] cloud-init[948]: |     .o +*=*+. ..|
[   23.881836] cloud-init[948]: |     .o+o.*+===o |
[   23.882709] cloud-init[948]: |    .. +...oO+=o.|
[   23.883670] cloud-init[948]: |   .  o .  B o oo|
[   23.886525] cloud-init[948]: |    oo  S o .  .E|
[   23.887314] cloud-init[948]: |   o...  .      .|
[[   23.889515] cloud-init[948]: |  . .o           |
[   23.889726] cloud-init[948]: | .    .          |
[   23.890775] cloud-init[948]: |  ....           |
[   23.891770] cloud-init[948]: +----[SHA256]-----+
[   23.893011] cloud-init[948]: Generating public/private ed25519 key pair.
[   23.893878] cloud-init[948]: Your identification has been saved in /etc/ssh/ssh_host_ed25519_key.
[   23.894872] cloud-init[948]: Your public key has been saved in /etc/ssh/ssh_host_ed25519_key.pub.
[   23.895762] cloud-init[948]: The key fingerprint is:
[   23.896899] cloud-init[948]: SHA256:IRdUNEUQFqBBBky2pvKloELcaCfmNJioUabc0cuww4I root@ubuntu-xenial
[   23.897918] cloud-init[948]: The key's randomart image is:
[   23.898920] cloud-init[948]: +--[ED25519 256]--+
[   23.899917] cloud-init[948]: |   o+o+.++O*o    |
[   23.900936] cloud-init[948]: |   .oo o o .     |
[   23.901938] cloud-init[948]: |  ooo.o o        |
[   23.902892] cloud-init[948]: |*==o= .o .       |
[   23.903405] cloud-init[948]: |E%.B.o  S        |
[   23.903979] cloud-init[948]: |O==o.            |
[   23.904523] cloud-init[948]: |+.o              |
[   23.905201] cloud-init[948]: |.                |
[   23.906033] cloud-init[948]: |                 |
[   23.906602] cloud-init[948]: +----[SHA256]-----+
[0;32m  OK  [0m] Reached target Paths.
[[0;32m  OK  [0m] Listening on UUID daemon activation socket.
[[0;32m  OK  [0m] Started Message of the Day.
[[0;32m  OK  [0m] Started Daily Cleanup of Temporary Directories.
[[0;32m  OK  [0m] Reached target Timers.
[[0;32m  OK  [0m] Reached target Network is Online.
         Starting iSCSI initiator daemon (iscsid)...
[[0;32m  OK  [0m] Listening on LXD - unix socket.
[[0;32m  OK  [0m] Listening on Socket activation for snappy daemon.
[[0;32m  OK  [0m] Reached target Sockets.
[[0;32m  OK  [0m] Reached target Basic System.
[[0;32m  OK  [0m] Started D-Bus System Message Bus.
         Starting LXD - container startup/shutdown...
[[0;32m  OK  [0m] Started Regular background program processing daemon.
         Starting Virtualbox guest utils...
[[0;32m  OK  [0m] Started Deferred execution scheduler.
         Starting Pollinate to seed the pseudo random number generator...
[[0;32m  OK  [0m] Started FUSE filesystem for LXC.
         Starting LSB: Record successful boot for GRUB...
         Starting Accounts Service...
         Starting LSB: MD monitoring daemon...
         Starting Login Service...
[[0;32m  OK  [0m] Started ACPI event daemon.
         Starting Snappy daemon...
         Starting /etc/rc.local Compatibility...
         Starting System Logging Service...
[[0;32m  OK  [0m] Started /etc/rc.local Compatibility.
[[0;32m  OK  [0m] Started iSCSI initiator daemon (iscsid).
         Starting Login to default iSCSI targets...
[[0;32m  OK  [0m] Started Login Service.
[[0;32m  OK  [0m] Started Unattended Upgrades Shutdown.
[[0;32m  OK  [0m] Started LSB: MD monitoring daemon.
[[0;32m  OK  [0m] Started Login to default iSCSI targets.
[[0;32m  OK  [0m] Reached target Remote File Systems (Pre).
[[0;32m  OK  [0m] Reached target Remote File Systems.
         Starting LSB: Set the CPU Frequency Scaling governor to "ondemand"...
         Starting LSB: daemon to balance interrupts for SMP systems...
         Starting LSB: automatic crash report generation...
         Starting Permit User Sessions...
[[0;32m  OK  [0m] Started LSB: Set the CPU Frequency Scaling governor to "ondemand".
[[0;32m  OK  [0m] Started Permit User Sessions.
         Starting Terminate Plymouth Boot Screen...
         Starting Hold until boot process finishes up...
[[0;32m  OK  [0m] Started Hold until boot process finishes up.
[[0;32m  OK  [0m] Started Getty on tty1.
[[0;32m  OK  [0m] Started Serial Getty on ttyS0.
[[0;32m  OK  [0m] Reached target Login Prompts.
         Starting Set console scheme...
[[0;32m  OK  [0m] Started Terminate Plymouth Boot Screen.
[[0;32m  OK  [0m] Started System Logging Service.
[[0;32m  OK  [0m] Started LSB: Record successful boot for GRUB.
[[0;32m  OK  [0m] Started Set console scheme.
[[0;32m  OK  [0m] Started LSB: automatic crash report generation.
[[0;32m  OK  [0m] Started LSB: daemon to balance interrupts for SMP systems.
[[0;32m  OK  [0m] Started Virtualbox guest utils.
         Starting Authenticate and Authorize Users to Run Privileged Tasks...
[[0;32m  OK  [0m] Started Authenticate and Authorize Users to Run Privileged Tasks.
[[0;32m  OK  [0m] Started Accounts Service.
[[0;32m  OK  [0m] Started Pollinate to seed the pseudo random number generator.
         Starting OpenBSD Secure Shell server...
[[0;32m  OK  [0m] Started OpenBSD Secure Shell server.

Ubuntu 16.04.6 LTS ubuntu-xenial ttyS0

ubuntu-xenial login: [   35.778905] cloud-init[1372]: Generating locales (this might take a while)...
[   38.845666] cloud-init[1372]:   en_US.UTF-8... done
[   38.847607] cloud-init[1372]: Generation complete.
[   40.379384] cloud-init[1372]: Cloud-init v. 19.4-33-gbb4131a2-0ubuntu1~16.04.1 running 'modules:config' at Mon, 02 Mar 2020 12:45:34 +0000. Up 35.30 seconds.
ci-info: no authorized SSH keys fingerprints found for user ubuntu.
<14>Mar  2 12:45:40 ec2: 
<14>Mar  2 12:45:40 ec2: #############################################################
<14>Mar  2 12:45:40 ec2: -----BEGIN SSH HOST KEY FINGERPRINTS-----
<14>Mar  2 12:45:40 ec2: 1024 SHA256:cagq0pQ3VV+PESfNXvHKzQ3Jy9jd4gnGpE4yzihg2ME root@ubuntu-xenial (DSA)
<14>Mar  2 12:45:40 ec2: 256 SHA256:12Rak8eFMybCI50Qwvak5vKqVB5U5xXUEw5No9f5efQ root@ubuntu-xenial (ECDSA)
<14>Mar  2 12:45:40 ec2: 256 SHA256:IRdUNEUQFqBBBky2pvKloELcaCfmNJioUabc0cuww4I root@ubuntu-xenial (ED25519)
<14>Mar  2 12:45:40 ec2: 2048 SHA256:YDymYoJsarxZ8Qr6ogOmXnSggPk18VWIC/NYjjJgASU root@ubuntu-xenial (RSA)
<14>Mar  2 12:45:40 ec2: -----END SSH HOST KEY FINGERPRINTS-----
<14>Mar  2 12:45:40 ec2: #############################################################
-----BEGIN SSH HOST KEY KEYS-----
ecdsa-sha2-nistp256 AAAAE2VjZHNhLXNoYTItbmlzdHAyNTYAAAAIbmlzdHAyNTYAAABBBLont9jWiG++shdihlfPzuMR8jyqLjI4SMM+NFLgpWQaDA+2WfwQ04eiAHrVAgChU8wd7yXcx3V5yhhFHBAkfKg= root@ubuntu-xenial
ssh-ed25519 AAAAC3NzaC1lZDI1NTE5AAAAIHBF6HIViY29y5WkwQ5AS7t4vaMvRZ9U9PJFLHdazami root@ubuntu-xenial
ssh-rsa AAAAB3NzaC1yc2EAAAADAQABAAABAQDTy+XKlNWhpMp/YeB1Br+7mNTofHa2pFLMn8RgmTz97PmtthhNuWOVe9kWtU5bQWAAxCR1KkHJ0p5q92LXmBWP93UjObJjwUHbGf8TL5Us1IvMuEdv1cOPfeumdpwJDV+mDi+IfLw70yLOJ6YOl/CMr2W4UQ/T1DeNDk3M8lUTJOiPepjJCY21HF3DLmC1E883wemCPRYDBjK/qfNdSkjGaNp10JVOlszEgpZSTIoYl9ROb7JsSAqmIuIWNRue0cDMUx2rbGntMmsrmF4139ZaSdrq1R+ArdWrm8XoXWTnbiLIrj+ud2BSXDMMe6HkVnuxP1V7t7DElFMxluYQy+nz root@ubuntu-xenial
-----END SSH HOST KEY KEYS-----
[   41.710487] cloud-init[1618]: Cloud-init v. 19.4-33-gbb4131a2-0ubuntu1~16.04.1 running 'modules:final' at Mon, 02 Mar 2020 12:45:40 +0000. Up 41.28 seconds.
[   41.711037] cloud-init[1618]: ci-info: no authorized SSH keys fingerprints found for user ubuntu.
[   41.712766] cloud-init[1618]: Cloud-init v. 19.4-33-gbb4131a2-0ubuntu1~16.04.1 finished at Mon, 02 Mar 2020 12:45:40 +0000. Datasource DataSourceNoCloud [seed=/dev/sdb][dsmode=net].  Up 41.69 seconds
